<?xml version="1.0" encoding="UTF-8"?>
<!-- Generated by org.testng.reporters.JUnitXMLReporter -->
<testsuite ignored="0" hostname="DESKTOP-PPGSCA3" failures="0" tests="3" name="DreamPortal Tests" time="32.674" errors="0" timestamp="2025-06-18T00:38:38 IST">
  <testcase classname="testCases.HomePageTest" name="testHomePageLoads" time="5.658"/>
  <testcase classname="testCases.DreamDiaryTest" name="testDreamDiaryValidation" time="3.196"/>
  <testcase classname="testCases.DreamTotalTest" name="testDreamSummaryPage" time="0.917"/>
</testsuite> <!-- DreamPortal Tests -->
