<?xml version="1.0" encoding="UTF-8"?>
<testng-results ignored="0" total="3" passed="3" failed="0" skipped="0">
  <reporter-output>
  </reporter-output>
  <suite started-at="2025-06-17T18:43:55 IST" name="DreamPortal Test Suite" finished-at="2025-06-17T18:44:14 IST" duration-ms="18697">
    <groups>
    </groups>
    <test started-at="2025-06-17T18:43:55 IST" name="DreamPortal Tests" finished-at="2025-06-17T18:44:14 IST" duration-ms="18697">
      <class name="testCases.DreamTotalTest">
        <test-method is-config="true" signature="setUp()[pri:0, instance:testCases.DreamTotalTest@2049a9c1]" started-at="2025-06-17T18:44:10 IST" name="setUp" finished-at="2025-06-17T18:44:13 IST" duration-ms="2428" status="PASS">
          <reporter-output>
          </reporter-output>
        </test-method> <!-- setUp -->
        <test-method signature="testDreamSummaryPage()[pri:0, instance:testCases.DreamTotalTest@2049a9c1]" started-at="2025-06-17T18:44:13 IST" name="testDreamSummaryPage" finished-at="2025-06-17T18:44:13 IST" duration-ms="688" status="PASS">
          <reporter-output>
          </reporter-output>
        </test-method> <!-- testDreamSummaryPage -->
        <test-method is-config="true" signature="tearDown()[pri:0, instance:testCases.DreamTotalTest@2049a9c1]" started-at="2025-06-17T18:44:13 IST" name="tearDown" finished-at="2025-06-17T18:44:14 IST" duration-ms="290" status="PASS">
          <reporter-output>
          </reporter-output>
        </test-method> <!-- tearDown -->
      </class> <!-- testCases.DreamTotalTest -->
      <class name="testCases.DreamDiaryTest">
        <test-method is-config="true" signature="setUp()[pri:0, instance:testCases.DreamDiaryTest@6a47b187]" started-at="2025-06-17T18:44:04 IST" name="setUp" finished-at="2025-06-17T18:44:06 IST" duration-ms="2421" status="PASS">
          <reporter-output>
          </reporter-output>
        </test-method> <!-- setUp -->
        <test-method signature="testDreamDiaryValidation()[pri:0, instance:testCases.DreamDiaryTest@6a47b187]" started-at="2025-06-17T18:44:06 IST" name="testDreamDiaryValidation" finished-at="2025-06-17T18:44:10 IST" duration-ms="3788" status="PASS">
          <reporter-output>
          </reporter-output>
        </test-method> <!-- testDreamDiaryValidation -->
        <test-method is-config="true" signature="tearDown()[pri:0, instance:testCases.DreamDiaryTest@6a47b187]" started-at="2025-06-17T18:44:10 IST" name="tearDown" finished-at="2025-06-17T18:44:10 IST" duration-ms="302" status="PASS">
          <reporter-output>
          </reporter-output>
        </test-method> <!-- tearDown -->
      </class> <!-- testCases.DreamDiaryTest -->
      <class name="testCases.HomePageTest">
        <test-method is-config="true" signature="setUp()[pri:0, instance:testCases.HomePageTest@398dada8]" started-at="2025-06-17T18:43:55 IST" name="setUp" finished-at="2025-06-17T18:43:58 IST" duration-ms="2698" status="PASS">
          <reporter-output>
          </reporter-output>
        </test-method> <!-- setUp -->
        <test-method signature="testHomePageLoads()[pri:0, instance:testCases.HomePageTest@398dada8]" started-at="2025-06-17T18:43:58 IST" name="testHomePageLoads" finished-at="2025-06-17T18:44:03 IST" duration-ms="5354" status="PASS">
          <reporter-output>
          </reporter-output>
        </test-method> <!-- testHomePageLoads -->
        <test-method is-config="true" signature="tearDown()[pri:0, instance:testCases.HomePageTest@398dada8]" started-at="2025-06-17T18:44:03 IST" name="tearDown" finished-at="2025-06-17T18:44:04 IST" duration-ms="621" status="PASS">
          <reporter-output>
          </reporter-output>
        </test-method> <!-- tearDown -->
      </class> <!-- testCases.HomePageTest -->
    </test> <!-- DreamPortal Tests -->
  </suite> <!-- DreamPortal Test Suite -->
</testng-results>
